<?xml version="1.0" encoding="UTF-8"?>
<!-- Generated by org.testng.reporters.JUnitReportReporter -->
<testsuite hostname="Siya" failures="0" tests="1" name="HackerAdda.Tests.ErrorCatching" time="3.991" errors="0" timestamp="2025-03-20T21:27:52 IST" skipped="0">
  <testcase classname="HackerAdda.Tests.ErrorCatching" name="submitOrder" time="3.991"/>
  <system-out/>
</testsuite> <!-- HackerAdda.Tests.ErrorCatching -->
