<?xml version="1.0" encoding="UTF-8"?>
<!-- Generated by org.testng.reporters.JUnitReportReporter -->
<testsuite hostname="Siya" failures="0" tests="2" name="HackerAdda.Tests.ErrorCather" time="20.247" errors="0" timestamp="2025-03-31T16:12:54 IST" skipped="0">
  <testcase classname="HackerAdda.Tests.ErrorCather" name="loginError" time="5.824"/>
  <system-out/>
  <testcase classname="HackerAdda.Tests.ErrorCather" name="submitOrder" time="14.423"/>
  <system-out/>
</testsuite> <!-- HackerAdda.Tests.ErrorCather -->
