<?xml version="1.0" encoding="UTF-8"?>
<!-- Generated by org.testng.reporters.JUnitReportReporter -->
<testsuite hostname="Siya" failures="0" tests="1" name="cucumber.TestNGTestRunner" time="6.255" errors="0" timestamp="2025-04-06T10:38:30 IST" skipped="0">
  <testcase classname="cucumber.TestNGTestRunner" name="runScenario" time="6.255"/>
</testsuite> <!-- cucumber.TestNGTestRunner -->
